2026-04-05T11:49:08.047+05:30  INFO 4236 --- [crud-api] [restartedMain] com.kumar.crudapi.CrudApiApplication     : Starting CrudApiApplication using Java 25 with PID 4236 (D:\march26\crud-api\target\classes started by dilee in D:\march26\crud-api)
2026-04-05T11:49:08.049+05:30 DEBUG 4236 --- [crud-api] [restartedMain] com.kumar.crudapi.CrudApiApplication     : Running with Spring Boot v4.0.3, Spring v7.0.5
2026-04-05T11:49:08.050+05:30  INFO 4236 --- [crud-api] [restartedMain] com.kumar.crudapi.CrudApiApplication     : No active profile set, falling back to 1 default profile: "default"
2026-04-05T11:49:08.099+05:30  INFO 4236 --- [crud-api] [restartedMain] .e.DevToolsPropertyDefaultsPostProcessor : Devtools property defaults active! Set 'spring.devtools.add-properties' to 'false' to disable
2026-04-05T11:49:08.100+05:30  INFO 4236 --- [crud-api] [restartedMain] .e.DevToolsPropertyDefaultsPostProcessor : For additional web related logging consider setting the 'logging.level.web' property to 'DEBUG'
2026-04-05T11:49:08.929+05:30  INFO 4236 --- [crud-api] [restartedMain] .s.d.r.c.RepositoryConfigurationDelegate : Bootstrapping Spring Data JPA repositories in DEFAULT mode.
2026-04-05T11:49:08.977+05:30  INFO 4236 --- [crud-api] [restartedMain] .s.d.r.c.RepositoryConfigurationDelegate : Finished Spring Data repository scanning in 41 ms. Found 1 JPA repository interface.
2026-04-05T11:49:09.500+05:30  INFO 4236 --- [crud-api] [restartedMain] o.s.boot.tomcat.TomcatWebServer          : Tomcat initialized with port 8080 (http)
2026-04-05T11:49:09.510+05:30  INFO 4236 --- [crud-api] [restartedMain] o.apache.catalina.core.StandardService   : Starting service [Tomcat]
2026-04-05T11:49:09.511+05:30  INFO 4236 --- [crud-api] [restartedMain] o.apache.catalina.core.StandardEngine    : Starting Servlet engine: [Apache Tomcat/11.0.18]
2026-04-05T11:49:09.549+05:30  INFO 4236 --- [crud-api] [restartedMain] b.w.c.s.WebApplicationContextInitializer : Root WebApplicationContext: initialization completed in 1449 ms
2026-04-05T11:49:09.749+05:30  INFO 4236 --- [crud-api] [restartedMain] org.hibernate.orm.jpa                    : HHH008540: Processing PersistenceUnitInfo [name: default]
2026-04-05T11:49:09.792+05:30  INFO 4236 --- [crud-api] [restartedMain] org.hibernate.orm.core                   : HHH000001: Hibernate ORM core version 7.2.4.Final
2026-04-05T11:49:10.146+05:30  INFO 4236 --- [crud-api] [restartedMain] o.s.o.j.p.SpringPersistenceUnitInfo      : No LoadTimeWeaver setup: ignoring JPA class transformer
2026-04-05T11:49:10.170+05:30  INFO 4236 --- [crud-api] [restartedMain] com.zaxxer.hikari.HikariDataSource       : HikariPool-1 - Starting...
2026-04-05T11:49:10.329+05:30  INFO 4236 --- [crud-api] [restartedMain] com.zaxxer.hikari.pool.HikariPool        : HikariPool-1 - Added connection conn0: url=jdbc:h2:file:./data/testdb user=SA
2026-04-05T11:49:10.331+05:30  INFO 4236 --- [crud-api] [restartedMain] com.zaxxer.hikari.HikariDataSource       : HikariPool-1 - Start completed.
2026-04-05T11:49:10.349+05:30  WARN 4236 --- [crud-api] [restartedMain] org.hibernate.orm.deprecation            : HHH90000025: H2Dialect does not need to be specified explicitly using 'hibernate.dialect' (remove the property setting and it will be selected by default)
2026-04-05T11:49:10.373+05:30  INFO 4236 --- [crud-api] [restartedMain] org.hibernate.orm.connections.pooling    : HHH10001005: Database info:
	Database JDBC URL [jdbc:h2:file:./data/testdb]
	Database driver: H2 JDBC Driver
	Database dialect: H2Dialect
	Database version: 2.4.240
	Default catalog/schema: testdb/PUBLIC
	Autocommit mode: undefined/unknown
	Isolation level: READ_COMMITTED [default READ_COMMITTED]
	JDBC fetch size: 100
	Pool: DataSourceConnectionProvider
	Minimum pool size: undefined/unknown
	Maximum pool size: undefined/unknown
2026-04-05T11:49:11.116+05:30  INFO 4236 --- [crud-api] [restartedMain] org.hibernate.orm.core                   : HHH000489: No JTA platform available (set 'hibernate.transaction.jta.platform' to enable JTA platform integration)
2026-04-05T11:49:11.160+05:30  WARN 4236 --- [crud-api] [restartedMain] o.h.t.s.i.ExceptionHandlerLoggedImpl     : GenerationTarget encountered exception accepting command : Error executing DDL "create table users (id bigint generated by default as identity, deleted boolean not null, version integer not null, created_at timestamp(6) with time zone not null, created_by varchar(255) not null, modified_at timestamp(6) with time zone, updated_by varchar(255), city varchar(255), country varchar(255), full_address varchar(255), pincode varchar(255), state varchar(255), street varchar(255), age integer, email varchar(255) not null, first_name varchar(255), last_name varchar(255), password varchar(255) not null, phone varchar(255), role varchar(255), status enum ('ACTIVE','INACTIVE'), primary key (id))" via JDBC [Table "users" already exists;]

org.hibernate.tool.schema.spi.CommandAcceptanceException: Error executing DDL "create table users (id bigint generated by default as identity, deleted boolean not null, version integer not null, created_at timestamp(6) with time zone not null, created_by varchar(255) not null, modified_at timestamp(6) with time zone, updated_by varchar(255), city varchar(255), country varchar(255), full_address varchar(255), pincode varchar(255), state varchar(255), street varchar(255), age integer, email varchar(255) not null, first_name varchar(255), last_name varchar(255), password varchar(255) not null, phone varchar(255), role varchar(255), status enum ('ACTIVE','INACTIVE'), primary key (id))" via JDBC [Table "users" already exists;]
	at org.hibernate.tool.schema.internal.exec.GenerationTargetToDatabase.accept(GenerationTargetToDatabase.java:81) ~[hibernate-core-7.2.4.Final.jar:7.2.4.Final]
	at org.hibernate.tool.schema.internal.AbstractSchemaMigrator.applySqlString(AbstractSchemaMigrator.java:566) ~[hibernate-core-7.2.4.Final.jar:7.2.4.Final]
	at org.hibernate.tool.schema.internal.AbstractSchemaMigrator.applySqlStrings(AbstractSchemaMigrator.java:506) ~[hibernate-core-7.2.4.Final.jar:7.2.4.Final]
	at org.hibernate.tool.schema.internal.AbstractSchemaMigrator.createTable(AbstractSchemaMigrator.java:305) ~[hibernate-core-7.2.4.Final.jar:7.2.4.Final]
	at org.hibernate.tool.schema.internal.GroupedSchemaMigratorImpl.performTablesMigration(GroupedSchemaMigratorImpl.java:80) ~[hibernate-core-7.2.4.Final.jar:7.2.4.Final]
	at org.hibernate.tool.schema.internal.AbstractSchemaMigrator.performMigration(AbstractSchemaMigrator.java:220) ~[hibernate-core-7.2.4.Final.jar:7.2.4.Final]
	at org.hibernate.tool.schema.internal.AbstractSchemaMigrator.doMigration(AbstractSchemaMigrator.java:96) ~[hibernate-core-7.2.4.Final.jar:7.2.4.Final]
	at org.hibernate.tool.schema.spi.SchemaManagementToolCoordinator.performDatabaseAction(SchemaManagementToolCoordinator.java:269) ~[hibernate-core-7.2.4.Final.jar:7.2.4.Final]
	at org.hibernate.tool.schema.spi.SchemaManagementToolCoordinator.lambda$process$1(SchemaManagementToolCoordinator.java:101) ~[hibernate-core-7.2.4.Final.jar:7.2.4.Final]
	at java.base/java.util.HashMap.forEach(HashMap.java:1430) ~[na:na]
	at org.hibernate.tool.schema.spi.SchemaManagementToolCoordinator.process(SchemaManagementToolCoordinator.java:100) ~[hibernate-core-7.2.4.Final.jar:7.2.4.Final]
	at org.hibernate.boot.internal.SessionFactoryObserverForSchemaExport.sessionFactoryCreated(SessionFactoryObserverForSchemaExport.java:35) ~[hibernate-core-7.2.4.Final.jar:7.2.4.Final]
	at org.hibernate.internal.SessionFactoryObserverChain.sessionFactoryCreated(SessionFactoryObserverChain.java:33) ~[hibernate-core-7.2.4.Final.jar:7.2.4.Final]
	at org.hibernate.internal.SessionFactoryImpl.<init>(SessionFactoryImpl.java:323) ~[hibernate-core-7.2.4.Final.jar:7.2.4.Final]
	at org.hibernate.internal.SessionFactoryRegistry.instantiateSessionFactory(SessionFactoryRegistry.java:64) ~[hibernate-core-7.2.4.Final.jar:7.2.4.Final]
	at org.hibernate.boot.internal.SessionFactoryBuilderImpl.build(SessionFactoryBuilderImpl.java:437) ~[hibernate-core-7.2.4.Final.jar:7.2.4.Final]
	at org.hibernate.jpa.boot.internal.EntityManagerFactoryBuilderImpl.build(EntityManagerFactoryBuilderImpl.java:1456) ~[hibernate-core-7.2.4.Final.jar:7.2.4.Final]
	at org.springframework.orm.jpa.vendor.SpringHibernateJpaPersistenceProvider.createContainerEntityManagerFactory(SpringHibernateJpaPersistenceProvider.java:93) ~[spring-orm-7.0.5.jar:7.0.5]
	at org.springframework.orm.jpa.LocalContainerEntityManagerFactoryBean.createNativeEntityManagerFactory(LocalContainerEntityManagerFactoryBean.java:443) ~[spring-orm-7.0.5.jar:7.0.5]
	at org.springframework.orm.jpa.AbstractEntityManagerFactoryBean.buildNativeEntityManagerFactory(AbstractEntityManagerFactoryBean.java:436) ~[spring-orm-7.0.5.jar:7.0.5]
	at org.springframework.orm.jpa.AbstractEntityManagerFactoryBean.afterPropertiesSet(AbstractEntityManagerFactoryBean.java:411) ~[spring-orm-7.0.5.jar:7.0.5]
	at org.springframework.orm.jpa.LocalContainerEntityManagerFactoryBean.afterPropertiesSet(LocalContainerEntityManagerFactoryBean.java:419) ~[spring-orm-7.0.5.jar:7.0.5]
	at org.springframework.beans.factory.support.AbstractAutowireCapableBeanFactory.invokeInitMethods(AbstractAutowireCapableBeanFactory.java:1864) ~[spring-beans-7.0.5.jar:7.0.5]
	at org.springframework.beans.factory.support.AbstractAutowireCapableBeanFactory.initializeBean(AbstractAutowireCapableBeanFactory.java:1813) ~[spring-beans-7.0.5.jar:7.0.5]
	at org.springframework.beans.factory.support.AbstractAutowireCapableBeanFactory.doCreateBean(AbstractAutowireCapableBeanFactory.java:603) ~[spring-beans-7.0.5.jar:7.0.5]
	at org.springframework.beans.factory.support.AbstractAutowireCapableBeanFactory.createBean(AbstractAutowireCapableBeanFactory.java:525) ~[spring-beans-7.0.5.jar:7.0.5]
	at org.springframework.beans.factory.support.AbstractBeanFactory.lambda$doGetBean$0(AbstractBeanFactory.java:333) ~[spring-beans-7.0.5.jar:7.0.5]
	at org.springframework.beans.factory.support.DefaultSingletonBeanRegistry.getSingleton(DefaultSingletonBeanRegistry.java:371) ~[spring-beans-7.0.5.jar:7.0.5]
	at org.springframework.beans.factory.support.AbstractBeanFactory.doGetBean(AbstractBeanFactory.java:331) ~[spring-beans-7.0.5.jar:7.0.5]
	at org.springframework.beans.factory.support.AbstractBeanFactory.getBean(AbstractBeanFactory.java:201) ~[spring-beans-7.0.5.jar:7.0.5]
	at org.springframework.context.support.AbstractApplicationContext.finishBeanFactoryInitialization(AbstractApplicationContext.java:977) ~[spring-context-7.0.5.jar:7.0.5]
	at org.springframework.context.support.AbstractApplicationContext.refresh(AbstractApplicationContext.java:621) ~[spring-context-7.0.5.jar:7.0.5]
	at org.springframework.boot.web.server.servlet.context.ServletWebServerApplicationContext.refresh(ServletWebServerApplicationContext.java:143) ~[spring-boot-web-server-4.0.3.jar:4.0.3]
	at org.springframework.boot.SpringApplication.refresh(SpringApplication.java:756) ~[spring-boot-4.0.3.jar:4.0.3]
	at org.springframework.boot.SpringApplication.refreshContext(SpringApplication.java:445) ~[spring-boot-4.0.3.jar:4.0.3]
	at org.springframework.boot.SpringApplication.run(SpringApplication.java:321) ~[spring-boot-4.0.3.jar:4.0.3]
	at org.springframework.boot.SpringApplication.run(SpringApplication.java:1365) ~[spring-boot-4.0.3.jar:4.0.3]
	at org.springframework.boot.SpringApplication.run(SpringApplication.java:1354) ~[spring-boot-4.0.3.jar:4.0.3]
	at com.kumar.crudapi.CrudApiApplication.main(CrudApiApplication.java:10) ~[classes/:na]
	at java.base/jdk.internal.reflect.DirectMethodHandleAccessor.invoke(DirectMethodHandleAccessor.java:104) ~[na:na]
	at java.base/java.lang.reflect.Method.invoke(Method.java:565) ~[na:na]
	at org.springframework.boot.devtools.restart.RestartLauncher.run(RestartLauncher.java:52) ~[spring-boot-devtools-4.0.3.jar:4.0.3]
Caused by: org.h2.jdbc.JdbcSQLSyntaxErrorException: Table "users" already exists; SQL statement:
create table users (id bigint generated by default as identity, deleted boolean not null, version integer not null, created_at timestamp(6) with time zone not null, created_by varchar(255) not null, modified_at timestamp(6) with time zone, updated_by varchar(255), city varchar(255), country varchar(255), full_address varchar(255), pincode varchar(255), state varchar(255), street varchar(255), age integer, email varchar(255) not null, first_name varchar(255), last_name varchar(255), password varchar(255) not null, phone varchar(255), role varchar(255), status enum ('ACTIVE','INACTIVE'), primary key (id)) [42101-240]
	at org.h2.message.DbException.getJdbcSQLException(DbException.java:514) ~[h2-2.4.240.jar:2.4.240]
	at org.h2.message.DbException.getJdbcSQLException(DbException.java:489) ~[h2-2.4.240.jar:2.4.240]
	at org.h2.message.DbException.get(DbException.java:223) ~[h2-2.4.240.jar:2.4.240]
	at org.h2.message.DbException.get(DbException.java:199) ~[h2-2.4.240.jar:2.4.240]
	at org.h2.command.ddl.CreateTable.update(CreateTable.java:91) ~[h2-2.4.240.jar:2.4.240]
	at org.h2.command.CommandContainer.update(CommandContainer.java:139) ~[h2-2.4.240.jar:2.4.240]
	at org.h2.command.Command.executeUpdate(Command.java:306) ~[h2-2.4.240.jar:2.4.240]
	at org.h2.command.Command.executeUpdate(Command.java:250) ~[h2-2.4.240.jar:2.4.240]
	at org.h2.jdbc.JdbcStatement.executeInternal(JdbcStatement.java:262) ~[h2-2.4.240.jar:2.4.240]
	at org.h2.jdbc.JdbcStatement.execute(JdbcStatement.java:231) ~[h2-2.4.240.jar:2.4.240]
	at com.zaxxer.hikari.pool.ProxyStatement.execute(ProxyStatement.java:95) ~[HikariCP-7.0.2.jar:na]
	at com.zaxxer.hikari.pool.HikariProxyStatement.execute(HikariProxyStatement.java) ~[HikariCP-7.0.2.jar:na]
	at org.hibernate.tool.schema.internal.exec.GenerationTargetToDatabase.accept(GenerationTargetToDatabase.java:76) ~[hibernate-core-7.2.4.Final.jar:7.2.4.Final]
	... 41 common frames omitted

2026-04-05T11:49:11.167+05:30  INFO 4236 --- [crud-api] [restartedMain] j.LocalContainerEntityManagerFactoryBean : Initialized JPA EntityManagerFactory for persistence unit 'default'
2026-04-05T11:49:11.253+05:30  INFO 4236 --- [crud-api] [restartedMain] o.s.d.j.r.query.QueryEnhancerFactories   : Hibernate is in classpath; If applicable, HQL parser will be used.
2026-04-05T11:49:11.472+05:30  WARN 4236 --- [crud-api] [restartedMain] JpaBaseConfiguration$JpaWebConfiguration : spring.jpa.open-in-view is enabled by default. Therefore, database queries may be performed during view rendering. Explicitly configure spring.jpa.open-in-view to disable this warning
2026-04-05T11:49:11.734+05:30  INFO 4236 --- [crud-api] [restartedMain] o.s.b.h.a.H2ConsoleAutoConfiguration     : H2 console available at '/h2-console'. Database available at 'jdbc:h2:file:./data/testdb'
2026-04-05T11:49:11.780+05:30  INFO 4236 --- [crud-api] [restartedMain] o.s.b.a.e.web.EndpointLinksResolver      : Exposing 1 endpoint beneath base path '/actuator'
2026-04-05T11:49:11.840+05:30  INFO 4236 --- [crud-api] [restartedMain] o.s.boot.tomcat.TomcatWebServer          : Tomcat started on port 8080 (http) with context path '/'
2026-04-05T11:49:11.847+05:30  INFO 4236 --- [crud-api] [restartedMain] com.kumar.crudapi.CrudApiApplication     : Started CrudApiApplication in 4.195 seconds (process running for 4.923)
2026-04-05T11:49:22.272+05:30  INFO 4236 --- [crud-api] [http-nio-8080-exec-1] o.a.c.c.C.[Tomcat].[localhost].[/]       : Initializing Spring DispatcherServlet 'dispatcherServlet'
2026-04-05T11:49:22.273+05:30  INFO 4236 --- [crud-api] [http-nio-8080-exec-1] o.s.web.servlet.DispatcherServlet        : Initializing Servlet 'dispatcherServlet'
2026-04-05T11:49:22.274+05:30  INFO 4236 --- [crud-api] [http-nio-8080-exec-1] o.s.web.servlet.DispatcherServlet        : Completed initialization in 1 ms
2026-04-05T11:49:22.291+05:30 DEBUG 4236 --- [crud-api] [http-nio-8080-exec-1] c.k.c.b.w.i.LoggingInterceptor           : preHandle: request uri for /api/users/1
2026-04-05T11:49:22.292+05:30 DEBUG 4236 --- [crud-api] [http-nio-8080-exec-1] c.k.c.b.w.i.LoggingInterceptor           : Controller: UserController
2026-04-05T11:49:22.292+05:30 DEBUG 4236 --- [crud-api] [http-nio-8080-exec-1] c.k.c.b.w.i.LoggingInterceptor           : Method: getEntity
2026-04-05T11:49:22.307+05:30 DEBUG 4236 --- [crud-api] [http-nio-8080-exec-1] c.kumar.crudapi.base.BaseCrudController  : REST request to get Entity : 1
2026-04-05T11:49:22.308+05:30 DEBUG 4236 --- [crud-api] [http-nio-8080-exec-1] com.kumar.crudapi.base.BaseCrudService   : Request to get User : 1
2026-04-05T11:49:22.718+05:30 DEBUG 4236 --- [crud-api] [http-nio-8080-exec-1] c.k.c.b.w.i.LoggingInterceptor           : postHandle: request uri for /api/users/1
2026-04-05T11:49:22.718+05:30 DEBUG 4236 --- [crud-api] [http-nio-8080-exec-1] c.k.c.b.w.i.LoggingInterceptor           : afterCompletion: request uri for /api/users/1
